<?xml version="1.0" encoding="UTF-8"?>
<!-- Generated by org.testng.reporters.JUnitReportReporter -->
<testsuite hostname="CPDK346" failures="0" tests="5" name="com.Samsung.main.SeleniumTest" time="8.213" errors="0" timestamp="2025-02-05T17:42:44 IST" skipped="0">
  <testcase classname="com.Samsung.main.SeleniumTest" name="NavigateToDownloads" time="4.016"/>
  <system-out/>
  <testcase classname="com.Samsung.main.SeleniumTest" name="ClickOnBrowsers" time="1.026"/>
  <system-out/>
  <testcase classname="com.Samsung.main.SeleniumTest" name="CheckforFirefoxLogos" time="1.054"/>
  <system-out/>
  <testcase classname="com.Samsung.main.SeleniumTest" name="CheckforChromeLogos" time="1.057"/>
  <system-out/>
  <testcase classname="com.Samsung.main.SeleniumTest" name="CheckforEdgeLogos" time="1.060"/>
  <system-out/>
</testsuite> <!-- com.Samsung.main.SeleniumTest -->
